{
  "stats": {
    "suites": 1,
    "tests": 8,
    "passes": 6,
    "pending": 0,
    "failures": 2,
    "start": "2022-11-24T10:24:31.508Z",
    "end": "2022-11-24T10:24:35.546Z",
    "duration": 4038,
    "testsRegistered": 8,
    "passPercent": 75,
    "pendingPercent": 0,
    "other": 0,
    "hasOther": false,
    "skipped": 0,
    "hasSkipped": false
  },
  "results": [
    {
      "uuid": "7f8da56b-60cf-48b0-808d-9a5f51fda850",
      "title": "",
      "fullFile": "cypress\\e2e\\TestPetStore.spec.cy.ts",
      "file": "cypress\\e2e\\TestPetStore.spec.cy.ts",
      "beforeHooks": [],
      "afterHooks": [],
      "tests": [],
      "suites": [
        {
          "uuid": "b410734e-8ed3-45d0-9d6e-6a3749f34d08",
          "title": "pet store swagger api",
          "fullFile": "",
          "file": "",
          "beforeHooks": [],
          "afterHooks": [],
          "tests": [
            {
              "title": "get inventory",
              "fullTitle": "pet store swagger api get inventory",
              "timedOut": null,
              "duration": 870,
              "state": "passed",
              "speed": "fast",
              "pass": true,
              "fail": false,
              "pending": false,
              "context": null,
              "code": "cy.request({\n    method: \"GET\",\n    url: \"https://petstore.swagger.io/v2/store/inventory\",\n    headers: {\n        Authorisation: \"special-key\",\n    },\n}).then(function (response) {\n    expect(response.status).equal(200);\n});",
              "err": {},
              "uuid": "55a8f861-ab2e-4054-8471-170fe36a14cd",
              "parentUUID": "b410734e-8ed3-45d0-9d6e-6a3749f34d08",
              "isHook": false,
              "skipped": false
            },
            {
              "title": "post - add new pet to the store",
              "fullTitle": "pet store swagger api post - add new pet to the store",
              "timedOut": null,
              "duration": 207,
              "state": "passed",
              "speed": "fast",
              "pass": true,
              "fail": false,
              "pending": false,
              "context": null,
              "code": "cy.request({\n    method: \"POST\",\n    url: \"https://petstore.swagger.io/v2/pet\",\n    headers: {\n        Authorisation: \"special-key\",\n    },\n    body: {\n        id: 111,\n        category: {\n            id: 101,\n            name: \"dog\",\n        },\n        name: \"leksi\",\n        photoUrls: [\"string\"],\n        tags: [\n            {\n                id: 1,\n                name: \"dog\",\n            },\n        ],\n        status: \"available\",\n    },\n}).then(function (response) {\n    expect(response.status).equal(200);\n});",
              "err": {},
              "uuid": "7244f0e1-05dd-4e40-acf1-1cca81ed1e09",
              "parentUUID": "b410734e-8ed3-45d0-9d6e-6a3749f34d08",
              "isHook": false,
              "skipped": false
            },
            {
              "title": "post - add pet photo",
              "fullTitle": "pet store swagger api post - add pet photo",
              "timedOut": null,
              "duration": 629,
              "state": "failed",
              "speed": null,
              "pass": false,
              "fail": true,
              "pending": false,
              "context": null,
              "code": "cy.request({\n    method: \"POST\",\n    url: \"https://petstore.swagger.io/v2/pet/111/uploadImage\",\n    headers: {\n        Authorisation: \"special-key\",\n        //Content-Type: \"application/json\"\n    },\n    body: {\n        petID: \"111\",\n        additionalMetadata: \"doggie is so cute\",\n        file: \"C:UsersjpbouDesktopdoggie.png\",\n        content: \"pic\",\n        \"image/png\": \"png\",\n        schema: \"\",\n        type: \"string\",\n        format: \"binary\",\n    },\n}).then(function (response) {\n    expect(response.status).equal(200);\n});",
              "err": {
                "message": "CypressError: `cy.request()` failed on:\n\nhttps://petstore.swagger.io/v2/pet/111/uploadImage\n\nThe response we received from your web server was:\n\n  > 415: Unsupported Media Type\n\nThis was considered a failure because the status code was not `2xx` or `3xx`.\n\nIf you do not want status codes to cause failures pass the option: `failOnStatusCode: false`\n\n-----------------------------------------------------------\n\nThe request we sent was:\n\nMethod: POST\nURL: https://petstore.swagger.io/v2/pet/111/uploadImage\nHeaders: {\n  \"Connection\": \"keep-alive\",\n  \"Authorisation\": \"special-key\",\n  \"user-agent\": \"Mozilla/5.0 (Windows NT 10.0; Win64; x64) AppleWebKit/537.36 (KHTML, like Gecko) Cypress/11.1.0 Chrome/106.0.5249.51 Electron/21.0.0 Safari/537.36\",\n  \"accept\": \"*/*\",\n  \"accept-encoding\": \"gzip, deflate\",\n  \"content-type\": \"application/json\",\n  \"content-length\": 175\n}\nBody: {\"petID\":\"111\",\"additionalMetadata\":\"doggie is so cute\",\"file\":\"C:UsersjpbouDesktopdoggie.png\",\"content\":\"pic\",\"image/png\":\"png\",\"schema\":\"\",\"type\":\"string\",\"format\":\"binary\"}\n\n-----------------------------------------------------------\n\nThe response we got was:\n\nStatus: 415 - Unsupported Media Type\nHeaders: {\n  \"date\": \"Thu, 24 Nov 2022 10:24:30 GMT\",\n  \"content-type\": \"application/xml\",\n  \"content-length\": \"102\",\n  \"connection\": \"keep-alive\",\n  \"access-control-allow-origin\": \"*\",\n  \"access-control-allow-methods\": \"GET, POST, DELETE, PUT\",\n  \"access-control-allow-headers\": \"Content-Type, api_key, Authorization\",\n  \"server\": \"Jetty(9.2.9.v20150224)\"\n}\nBody: <?xml version=\"1.0\" encoding=\"UTF-8\" standalone=\"yes\"?><apiResponse><type>unknown</type></apiResponse>\n\n\nhttps://on.cypress.io/request",
                "estack": "CypressError: `cy.request()` failed on:\n\nhttps://petstore.swagger.io/v2/pet/111/uploadImage\n\nThe response we received from your web server was:\n\n  > 415: Unsupported Media Type\n\nThis was considered a failure because the status code was not `2xx` or `3xx`.\n\nIf you do not want status codes to cause failures pass the option: `failOnStatusCode: false`\n\n-----------------------------------------------------------\n\nThe request we sent was:\n\nMethod: POST\nURL: https://petstore.swagger.io/v2/pet/111/uploadImage\nHeaders: {\n  \"Connection\": \"keep-alive\",\n  \"Authorisation\": \"special-key\",\n  \"user-agent\": \"Mozilla/5.0 (Windows NT 10.0; Win64; x64) AppleWebKit/537.36 (KHTML, like Gecko) Cypress/11.1.0 Chrome/106.0.5249.51 Electron/21.0.0 Safari/537.36\",\n  \"accept\": \"*/*\",\n  \"accept-encoding\": \"gzip, deflate\",\n  \"content-type\": \"application/json\",\n  \"content-length\": 175\n}\nBody: {\"petID\":\"111\",\"additionalMetadata\":\"doggie is so cute\",\"file\":\"C:UsersjpbouDesktopdoggie.png\",\"content\":\"pic\",\"image/png\":\"png\",\"schema\":\"\",\"type\":\"string\",\"format\":\"binary\"}\n\n-----------------------------------------------------------\n\nThe response we got was:\n\nStatus: 415 - Unsupported Media Type\nHeaders: {\n  \"date\": \"Thu, 24 Nov 2022 10:24:30 GMT\",\n  \"content-type\": \"application/xml\",\n  \"content-length\": \"102\",\n  \"connection\": \"keep-alive\",\n  \"access-control-allow-origin\": \"*\",\n  \"access-control-allow-methods\": \"GET, POST, DELETE, PUT\",\n  \"access-control-allow-headers\": \"Content-Type, api_key, Authorization\",\n  \"server\": \"Jetty(9.2.9.v20150224)\"\n}\nBody: <?xml version=\"1.0\" encoding=\"UTF-8\" standalone=\"yes\"?><apiResponse><type>unknown</type></apiResponse>\n\n\nhttps://on.cypress.io/request\n    at <unknown> (http://localhost:55079/__cypress/runner/cypress_runner.js:144236:80)\n    at tryCatcher (http://localhost:55079/__cypress/runner/cypress_runner.js:11327:23)\n    at Promise._settlePromiseFromHandler (http://localhost:55079/__cypress/runner/cypress_runner.js:9262:31)\n    at Promise._settlePromise (http://localhost:55079/__cypress/runner/cypress_runner.js:9319:18)\n    at Promise._settlePromise0 (http://localhost:55079/__cypress/runner/cypress_runner.js:9364:10)\n    at Promise._settlePromises (http://localhost:55079/__cypress/runner/cypress_runner.js:9444:18)\n    at _drainQueueStep (http://localhost:55079/__cypress/runner/cypress_runner.js:6034:12)\n    at _drainQueue (http://localhost:55079/__cypress/runner/cypress_runner.js:6027:9)\n    at ../../node_modules/bluebird/js/release/async.js.Async._drainQueues (http://localhost:55079/__cypress/runner/cypress_runner.js:6043:5)\n    at Async.drainQueues (http://localhost:55079/__cypress/runner/cypress_runner.js:5913:14)\nFrom Your Spec Code:\n    at Context.eval (webpack:///./cypress/e2e/TestPetStore.spec.cy.ts:45:7)",
                "diff": null
              },
              "uuid": "fb769c41-ec03-413a-9b7a-b1325cbb8677",
              "parentUUID": "b410734e-8ed3-45d0-9d6e-6a3749f34d08",
              "isHook": false,
              "skipped": false
            },
            {
              "title": "put - update an existing pet in the store",
              "fullTitle": "pet store swagger api put - update an existing pet in the store",
              "timedOut": null,
              "duration": 162,
              "state": "passed",
              "speed": "fast",
              "pass": true,
              "fail": false,
              "pending": false,
              "context": null,
              "code": "cy.request({\n    method: \"PUT\",\n    url: \"https://petstore.swagger.io/v2/pet\",\n    headers: {\n        Authorisation: \"special-key\",\n    },\n    body: {\n        id: 111,\n        category: {\n            id: 101,\n            name: \"doggie\",\n        },\n        name: \"Leksi\",\n        photoUrls: [\"string\"],\n        tags: [\n            {\n                id: 1,\n                name: \"dog\",\n            },\n        ],\n        status: \"available\",\n    },\n}).then(function (response) {\n    expect(response.status).equal(200);\n});",
              "err": {},
              "uuid": "89b44839-2b24-4952-886b-194e2abe8205",
              "parentUUID": "b410734e-8ed3-45d0-9d6e-6a3749f34d08",
              "isHook": false,
              "skipped": false
            },
            {
              "title": "get - finds pets by status",
              "fullTitle": "pet store swagger api get - finds pets by status",
              "timedOut": null,
              "duration": 765,
              "state": "passed",
              "speed": "fast",
              "pass": true,
              "fail": false,
              "pending": false,
              "context": null,
              "code": "cy.request({\n    method: \"GET\",\n    url: \"http://petstore.swagger.io/v2/pet/findByStatus?status=pending\",\n    headers: {\n        Authorisation: \"special-key\",\n    },\n}).then(function (response) {\n    expect(response.status).equal(200);\n});",
              "err": {},
              "uuid": "217d1105-8145-463e-bb1b-dd70b1030c55",
              "parentUUID": "b410734e-8ed3-45d0-9d6e-6a3749f34d08",
              "isHook": false,
              "skipped": false
            },
            {
              "title": "get - finds pet by id",
              "fullTitle": "pet store swagger api get - finds pet by id",
              "timedOut": null,
              "duration": 522,
              "state": "passed",
              "speed": "fast",
              "pass": true,
              "fail": false,
              "pending": false,
              "context": null,
              "code": "cy.request({\n    method: \"GET\",\n    url: \"http://petstore.swagger.io/v2/pet/111\",\n    headers: {\n        Authorisation: \"special-key\",\n    },\n}).then(function (response) {\n    expect(response.status).equal(200);\n});",
              "err": {},
              "uuid": "fd1ba062-f281-4893-aa91-27263e74b745",
              "parentUUID": "b410734e-8ed3-45d0-9d6e-6a3749f34d08",
              "isHook": false,
              "skipped": false
            },
            {
              "title": "post - updates a pet in the store with form data",
              "fullTitle": "pet store swagger api post - updates a pet in the store with form data",
              "timedOut": null,
              "duration": 441,
              "state": "failed",
              "speed": null,
              "pass": false,
              "fail": true,
              "pending": false,
              "context": null,
              "code": "cy.request({\n    method: \"POST\",\n    url: \"https://petstore.swagger.io/v2/pet/111\",\n    headers: {\n        Authorisation: \"special-key\",\n    },\n    body: {\n        id: 111,\n        category: {\n            id: 101,\n            name: \"dog\",\n        },\n        name: \"leksi\",\n        tags: [\n            {\n                id: 1,\n                name: \"dog\",\n            },\n        ],\n        status: \"sold\",\n    },\n}).then(function (response) {\n    expect(response.status).equal(405);\n});",
              "err": {
                "message": "CypressError: `cy.request()` failed on:\n\nhttps://petstore.swagger.io/v2/pet/111\n\nThe response we received from your web server was:\n\n  > 415: Unsupported Media Type\n\nThis was considered a failure because the status code was not `2xx` or `3xx`.\n\nIf you do not want status codes to cause failures pass the option: `failOnStatusCode: false`\n\n-----------------------------------------------------------\n\nThe request we sent was:\n\nMethod: POST\nURL: https://petstore.swagger.io/v2/pet/111\nHeaders: {\n  \"Connection\": \"keep-alive\",\n  \"Authorisation\": \"special-key\",\n  \"user-agent\": \"Mozilla/5.0 (Windows NT 10.0; Win64; x64) AppleWebKit/537.36 (KHTML, like Gecko) Cypress/11.1.0 Chrome/106.0.5249.51 Electron/21.0.0 Safari/537.36\",\n  \"accept\": \"*/*\",\n  \"accept-encoding\": \"gzip, deflate\",\n  \"content-type\": \"application/json\",\n  \"content-length\": 107\n}\nBody: {\"id\":111,\"category\":{\"id\":101,\"name\":\"dog\"},\"name\":\"leksi\",\"tags\":[{\"id\":1,\"name\":\"dog\"}],\"status\":\"sold\"}\n\n-----------------------------------------------------------\n\nThe response we got was:\n\nStatus: 415 - Unsupported Media Type\nHeaders: {\n  \"date\": \"Thu, 24 Nov 2022 10:24:33 GMT\",\n  \"content-type\": \"application/xml\",\n  \"content-length\": \"102\",\n  \"connection\": \"keep-alive\",\n  \"access-control-allow-origin\": \"*\",\n  \"access-control-allow-methods\": \"GET, POST, DELETE, PUT\",\n  \"access-control-allow-headers\": \"Content-Type, api_key, Authorization\",\n  \"server\": \"Jetty(9.2.9.v20150224)\"\n}\nBody: <?xml version=\"1.0\" encoding=\"UTF-8\" standalone=\"yes\"?><apiResponse><type>unknown</type></apiResponse>\n\n\nhttps://on.cypress.io/request",
                "estack": "CypressError: `cy.request()` failed on:\n\nhttps://petstore.swagger.io/v2/pet/111\n\nThe response we received from your web server was:\n\n  > 415: Unsupported Media Type\n\nThis was considered a failure because the status code was not `2xx` or `3xx`.\n\nIf you do not want status codes to cause failures pass the option: `failOnStatusCode: false`\n\n-----------------------------------------------------------\n\nThe request we sent was:\n\nMethod: POST\nURL: https://petstore.swagger.io/v2/pet/111\nHeaders: {\n  \"Connection\": \"keep-alive\",\n  \"Authorisation\": \"special-key\",\n  \"user-agent\": \"Mozilla/5.0 (Windows NT 10.0; Win64; x64) AppleWebKit/537.36 (KHTML, like Gecko) Cypress/11.1.0 Chrome/106.0.5249.51 Electron/21.0.0 Safari/537.36\",\n  \"accept\": \"*/*\",\n  \"accept-encoding\": \"gzip, deflate\",\n  \"content-type\": \"application/json\",\n  \"content-length\": 107\n}\nBody: {\"id\":111,\"category\":{\"id\":101,\"name\":\"dog\"},\"name\":\"leksi\",\"tags\":[{\"id\":1,\"name\":\"dog\"}],\"status\":\"sold\"}\n\n-----------------------------------------------------------\n\nThe response we got was:\n\nStatus: 415 - Unsupported Media Type\nHeaders: {\n  \"date\": \"Thu, 24 Nov 2022 10:24:33 GMT\",\n  \"content-type\": \"application/xml\",\n  \"content-length\": \"102\",\n  \"connection\": \"keep-alive\",\n  \"access-control-allow-origin\": \"*\",\n  \"access-control-allow-methods\": \"GET, POST, DELETE, PUT\",\n  \"access-control-allow-headers\": \"Content-Type, api_key, Authorization\",\n  \"server\": \"Jetty(9.2.9.v20150224)\"\n}\nBody: <?xml version=\"1.0\" encoding=\"UTF-8\" standalone=\"yes\"?><apiResponse><type>unknown</type></apiResponse>\n\n\nhttps://on.cypress.io/request\n    at <unknown> (http://localhost:55079/__cypress/runner/cypress_runner.js:144236:80)\n    at tryCatcher (http://localhost:55079/__cypress/runner/cypress_runner.js:11327:23)\n    at Promise._settlePromiseFromHandler (http://localhost:55079/__cypress/runner/cypress_runner.js:9262:31)\n    at Promise._settlePromise (http://localhost:55079/__cypress/runner/cypress_runner.js:9319:18)\n    at Promise._settlePromise0 (http://localhost:55079/__cypress/runner/cypress_runner.js:9364:10)\n    at Promise._settlePromises (http://localhost:55079/__cypress/runner/cypress_runner.js:9444:18)\n    at _drainQueueStep (http://localhost:55079/__cypress/runner/cypress_runner.js:6034:12)\n    at _drainQueue (http://localhost:55079/__cypress/runner/cypress_runner.js:6027:9)\n    at ../../node_modules/bluebird/js/release/async.js.Async._drainQueues (http://localhost:55079/__cypress/runner/cypress_runner.js:6043:5)\n    at Async.drainQueues (http://localhost:55079/__cypress/runner/cypress_runner.js:5913:14)\nFrom Your Spec Code:\n    at Context.eval (webpack:///./cypress/e2e/TestPetStore.spec.cy.ts:120:7)",
                "diff": null
              },
              "uuid": "e617d706-47d2-48a5-aba1-96fb02299ac8",
              "parentUUID": "b410734e-8ed3-45d0-9d6e-6a3749f34d08",
              "isHook": false,
              "skipped": false
            },
            {
              "title": "delete - deletes a pet from the store",
              "fullTitle": "pet store swagger api delete - deletes a pet from the store",
              "timedOut": null,
              "duration": 196,
              "state": "passed",
              "speed": "fast",
              "pass": true,
              "fail": false,
              "pending": false,
              "context": null,
              "code": "cy.request({\n    method: \"DELETE\",\n    url: \"https://petstore.swagger.io/v2/pet/111\",\n    headers: {\n        Authorisation: \"special-key\",\n    },\n    body: {\n        id: 111,\n        category: {\n            id: 101,\n            name: \"dog\",\n        },\n        name: \"leksi\",\n        photoUrls: [\"string\"],\n        tags: [\n            {\n                id: 1,\n                name: \"dog\",\n            },\n        ],\n        status: \"sold\",\n    },\n}).then(function (response) {\n    expect(response.status).equal(200);\n});",
              "err": {},
              "uuid": "2dbd3784-5472-45a9-8b44-ca0a20b81ef5",
              "parentUUID": "b410734e-8ed3-45d0-9d6e-6a3749f34d08",
              "isHook": false,
              "skipped": false
            }
          ],
          "suites": [],
          "passes": [
            "55a8f861-ab2e-4054-8471-170fe36a14cd",
            "7244f0e1-05dd-4e40-acf1-1cca81ed1e09",
            "89b44839-2b24-4952-886b-194e2abe8205",
            "217d1105-8145-463e-bb1b-dd70b1030c55",
            "fd1ba062-f281-4893-aa91-27263e74b745",
            "2dbd3784-5472-45a9-8b44-ca0a20b81ef5"
          ],
          "failures": [
            "fb769c41-ec03-413a-9b7a-b1325cbb8677",
            "e617d706-47d2-48a5-aba1-96fb02299ac8"
          ],
          "pending": [],
          "skipped": [],
          "duration": 3792,
          "root": false,
          "rootEmpty": false,
          "_timeout": 2000
        }
      ],
      "passes": [],
      "failures": [],
      "pending": [],
      "skipped": [],
      "duration": 0,
      "root": true,
      "rootEmpty": true,
      "_timeout": 2000
    }
  ],
  "meta": {
    "mocha": {
      "version": "7.0.1"
    },
    "mochawesome": {
      "options": {
        "quiet": false,
        "reportFilename": "mochawesome",
        "saveHtml": false,
        "saveJson": true,
        "consoleReporter": "spec",
        "useInlineDiffs": false,
        "code": true
      },
      "version": "7.1.3"
    },
    "marge": {
      "options": {
        "id": "default",
        "reportDir": "cypress/results/mochawesome",
        "overwrite": false,
        "html": false,
        "json": true
      },
      "version": "6.2.0"
    }
  }
}