{
  "stats": {
    "suites": 2,
    "tests": 12,
    "passes": 10,
    "pending": 0,
    "failures": 2,
    "start": "2022-11-25T13:17:51.275Z",
    "end": "2022-11-25T13:17:56.557Z",
    "duration": 5282,
    "testsRegistered": 12,
    "passPercent": 83.33333333333334,
    "pendingPercent": 0,
    "other": 0,
    "hasOther": false,
    "skipped": 0,
    "hasSkipped": false
  },
  "results": [
    {
      "uuid": "0447e833-c6b1-4548-b839-7cd3b21b211d",
      "title": "",
      "fullFile": "cypress\\e2e\\TestPetStore.spec.cy.ts",
      "file": "cypress\\e2e\\TestPetStore.spec.cy.ts",
      "beforeHooks": [],
      "afterHooks": [],
      "tests": [],
      "suites": [
        {
          "uuid": "046fb677-64e6-4b00-afc3-7e764569c72f",
          "title": "pets - pet store swagger api",
          "fullFile": "",
          "file": "",
          "beforeHooks": [],
          "afterHooks": [],
          "tests": [
            {
              "title": "get inventory",
              "fullTitle": "pets - pet store swagger api get inventory",
              "timedOut": null,
              "duration": 821,
              "state": "passed",
              "speed": "fast",
              "pass": true,
              "fail": false,
              "pending": false,
              "context": null,
              "code": "cy.request({\n    method: \"GET\",\n    url: \"https://petstore.swagger.io/v2/store/inventory\",\n    headers: {\n        Authorisation: \"special-key\",\n    },\n}).then(function (response) {\n    expect(response.status).equal(200);\n});",
              "err": {},
              "uuid": "04cc24f4-5383-42e8-8d95-286684f209a4",
              "parentUUID": "046fb677-64e6-4b00-afc3-7e764569c72f",
              "isHook": false,
              "skipped": false
            },
            {
              "title": "post - add new pet to the store",
              "fullTitle": "pets - pet store swagger api post - add new pet to the store",
              "timedOut": null,
              "duration": 181,
              "state": "passed",
              "speed": "fast",
              "pass": true,
              "fail": false,
              "pending": false,
              "context": null,
              "code": "cy.request({\n    method: \"POST\",\n    url: \"https://petstore.swagger.io/v2/pet\",\n    headers: {\n        Authorisation: \"special-key\",\n    },\n    body: {\n        id: 111,\n        category: {\n            id: 0,\n            name: \"dog\",\n        },\n        name: \"leksi\",\n        photoUrls: [\"string\"],\n        tags: [\n            {\n                id: 0,\n                name: \"dog\",\n            },\n        ],\n        status: \"available\",\n    },\n}).then(function (response) {\n    expect(response.status).equal(200);\n});",
              "err": {},
              "uuid": "d7b8aafb-da3c-402f-b656-3c548c240275",
              "parentUUID": "046fb677-64e6-4b00-afc3-7e764569c72f",
              "isHook": false,
              "skipped": false
            },
            {
              "title": "put - update an existing pet in the store",
              "fullTitle": "pets - pet store swagger api put - update an existing pet in the store",
              "timedOut": null,
              "duration": 169,
              "state": "passed",
              "speed": "fast",
              "pass": true,
              "fail": false,
              "pending": false,
              "context": null,
              "code": "cy.request({\n    method: \"PUT\",\n    url: \"https://petstore.swagger.io/v2/pet\",\n    headers: {\n        Authorisation: \"special-key\",\n    },\n    body: {\n        id: 111,\n        category: {\n            id: 101,\n            name: \"doggie\",\n        },\n        name: \"Leksi\",\n        photoUrls: [\"string\"],\n        tags: [\n            {\n                id: 1,\n                name: \"dog\",\n            },\n        ],\n        status: \"available\",\n    },\n}).then(function (response) {\n    expect(response.status).equal(200);\n});",
              "err": {},
              "uuid": "5de8d893-7368-47d6-89da-b85b16516240",
              "parentUUID": "046fb677-64e6-4b00-afc3-7e764569c72f",
              "isHook": false,
              "skipped": false
            },
            {
              "title": "get - finds pets by status",
              "fullTitle": "pets - pet store swagger api get - finds pets by status",
              "timedOut": null,
              "duration": 813,
              "state": "passed",
              "speed": "fast",
              "pass": true,
              "fail": false,
              "pending": false,
              "context": null,
              "code": "cy.request({\n    method: \"GET\",\n    url: \"http://petstore.swagger.io/v2/pet/findByStatus?status=pending\",\n    headers: {\n        Authorisation: \"special-key\",\n    },\n}).then(function (response) {\n    expect(response.status).equal(200);\n});",
              "err": {},
              "uuid": "9f164bd2-aec3-4b6f-9190-fdcd7112a41b",
              "parentUUID": "046fb677-64e6-4b00-afc3-7e764569c72f",
              "isHook": false,
              "skipped": false
            },
            {
              "title": "get - finds pet by id",
              "fullTitle": "pets - pet store swagger api get - finds pet by id",
              "timedOut": null,
              "duration": 527,
              "state": "passed",
              "speed": "fast",
              "pass": true,
              "fail": false,
              "pending": false,
              "context": null,
              "code": "cy.request({\n    method: \"GET\",\n    url: \"http://petstore.swagger.io/v2/pet/111\",\n    headers: {\n        Authorisation: \"special-key\",\n    },\n}).then(function (response) {\n    expect(response.status).equal(200);\n});",
              "err": {},
              "uuid": "eedb92b2-d780-481e-974a-3d08072c1e6c",
              "parentUUID": "046fb677-64e6-4b00-afc3-7e764569c72f",
              "isHook": false,
              "skipped": false
            },
            {
              "title": "post - updates a pet in the store with form data",
              "fullTitle": "pets - pet store swagger api post - updates a pet in the store with form data",
              "timedOut": null,
              "duration": 626,
              "state": "failed",
              "speed": null,
              "pass": false,
              "fail": true,
              "pending": false,
              "context": null,
              "code": "cy.request({\n    method: \"POST\",\n    url: \"https://petstore.swagger.io/v2/pet/111\",\n    headers: {\n        Authorisation: \"special-key\",\n    },\n    body: {\n        id: 111,\n        category: {\n            id: 0,\n            name: \"dog\",\n        },\n        name: \"leksi\",\n        tags: [\n            {\n                id: 0,\n                name: \"dog\",\n            },\n        ],\n        status: \"sold\",\n    },\n}).then(function (response) {\n    expect(response.status).equal(200);\n});",
              "err": {
                "message": "CypressError: `cy.request()` failed on:\n\nhttps://petstore.swagger.io/v2/pet/111\n\nThe response we received from your web server was:\n\n  > 415: Unsupported Media Type\n\nThis was considered a failure because the status code was not `2xx` or `3xx`.\n\nIf you do not want status codes to cause failures pass the option: `failOnStatusCode: false`\n\n-----------------------------------------------------------\n\nThe request we sent was:\n\nMethod: POST\nURL: https://petstore.swagger.io/v2/pet/111\nHeaders: {\n  \"Connection\": \"keep-alive\",\n  \"Authorisation\": \"special-key\",\n  \"user-agent\": \"Mozilla/5.0 (Windows NT 10.0; Win64; x64) AppleWebKit/537.36 (KHTML, like Gecko) Cypress/11.1.0 Chrome/106.0.5249.51 Electron/21.0.0 Safari/537.36\",\n  \"accept\": \"*/*\",\n  \"accept-encoding\": \"gzip, deflate\",\n  \"content-type\": \"application/json\",\n  \"content-length\": 105\n}\nBody: {\"id\":111,\"category\":{\"id\":0,\"name\":\"dog\"},\"name\":\"leksi\",\"tags\":[{\"id\":0,\"name\":\"dog\"}],\"status\":\"sold\"}\n\n-----------------------------------------------------------\n\nThe response we got was:\n\nStatus: 415 - Unsupported Media Type\nHeaders: {\n  \"date\": \"Fri, 25 Nov 2022 13:17:50 GMT\",\n  \"content-type\": \"application/xml\",\n  \"content-length\": \"102\",\n  \"connection\": \"keep-alive\",\n  \"access-control-allow-origin\": \"*\",\n  \"access-control-allow-methods\": \"GET, POST, DELETE, PUT\",\n  \"access-control-allow-headers\": \"Content-Type, api_key, Authorization\",\n  \"server\": \"Jetty(9.2.9.v20150224)\"\n}\nBody: <?xml version=\"1.0\" encoding=\"UTF-8\" standalone=\"yes\"?><apiResponse><type>unknown</type></apiResponse>\n\n\nhttps://on.cypress.io/request",
                "estack": "CypressError: `cy.request()` failed on:\n\nhttps://petstore.swagger.io/v2/pet/111\n\nThe response we received from your web server was:\n\n  > 415: Unsupported Media Type\n\nThis was considered a failure because the status code was not `2xx` or `3xx`.\n\nIf you do not want status codes to cause failures pass the option: `failOnStatusCode: false`\n\n-----------------------------------------------------------\n\nThe request we sent was:\n\nMethod: POST\nURL: https://petstore.swagger.io/v2/pet/111\nHeaders: {\n  \"Connection\": \"keep-alive\",\n  \"Authorisation\": \"special-key\",\n  \"user-agent\": \"Mozilla/5.0 (Windows NT 10.0; Win64; x64) AppleWebKit/537.36 (KHTML, like Gecko) Cypress/11.1.0 Chrome/106.0.5249.51 Electron/21.0.0 Safari/537.36\",\n  \"accept\": \"*/*\",\n  \"accept-encoding\": \"gzip, deflate\",\n  \"content-type\": \"application/json\",\n  \"content-length\": 105\n}\nBody: {\"id\":111,\"category\":{\"id\":0,\"name\":\"dog\"},\"name\":\"leksi\",\"tags\":[{\"id\":0,\"name\":\"dog\"}],\"status\":\"sold\"}\n\n-----------------------------------------------------------\n\nThe response we got was:\n\nStatus: 415 - Unsupported Media Type\nHeaders: {\n  \"date\": \"Fri, 25 Nov 2022 13:17:50 GMT\",\n  \"content-type\": \"application/xml\",\n  \"content-length\": \"102\",\n  \"connection\": \"keep-alive\",\n  \"access-control-allow-origin\": \"*\",\n  \"access-control-allow-methods\": \"GET, POST, DELETE, PUT\",\n  \"access-control-allow-headers\": \"Content-Type, api_key, Authorization\",\n  \"server\": \"Jetty(9.2.9.v20150224)\"\n}\nBody: <?xml version=\"1.0\" encoding=\"UTF-8\" standalone=\"yes\"?><apiResponse><type>unknown</type></apiResponse>\n\n\nhttps://on.cypress.io/request\n    at <unknown> (http://localhost:50588/__cypress/runner/cypress_runner.js:144236:80)\n    at tryCatcher (http://localhost:50588/__cypress/runner/cypress_runner.js:11327:23)\n    at Promise._settlePromiseFromHandler (http://localhost:50588/__cypress/runner/cypress_runner.js:9262:31)\n    at Promise._settlePromise (http://localhost:50588/__cypress/runner/cypress_runner.js:9319:18)\n    at Promise._settlePromise0 (http://localhost:50588/__cypress/runner/cypress_runner.js:9364:10)\n    at Promise._settlePromises (http://localhost:50588/__cypress/runner/cypress_runner.js:9444:18)\n    at _drainQueueStep (http://localhost:50588/__cypress/runner/cypress_runner.js:6034:12)\n    at _drainQueue (http://localhost:50588/__cypress/runner/cypress_runner.js:6027:9)\n    at ../../node_modules/bluebird/js/release/async.js.Async._drainQueues (http://localhost:50588/__cypress/runner/cypress_runner.js:6043:5)\n    at Async.drainQueues (http://localhost:50588/__cypress/runner/cypress_runner.js:5913:14)\nFrom Your Spec Code:\n    at Context.eval (webpack:///./cypress/e2e/TestPetStore.spec.cy.ts:92:7)",
                "diff": null
              },
              "uuid": "8d16e562-682e-41c2-92be-e7d8fd35950b",
              "parentUUID": "046fb677-64e6-4b00-afc3-7e764569c72f",
              "isHook": false,
              "skipped": false
            },
            {
              "title": "delete - deletes a pet from the store",
              "fullTitle": "pets - pet store swagger api delete - deletes a pet from the store",
              "timedOut": null,
              "duration": 194,
              "state": "passed",
              "speed": "fast",
              "pass": true,
              "fail": false,
              "pending": false,
              "context": null,
              "code": "cy.request({\n    method: \"DELETE\",\n    url: \"https://petstore.swagger.io/v2/pet/111\",\n    headers: {\n        Authorisation: \"special-key\",\n    },\n    body: {\n        id: 111,\n        category: {\n            id: 101,\n            name: \"dog\",\n        },\n        name: \"leksi\",\n        photoUrls: [\"string\"],\n        tags: [\n            {\n                id: 1,\n                name: \"dog\",\n            },\n        ],\n        status: \"sold\",\n    },\n}).then(function (response) {\n    expect(response.status).equal(200);\n});",
              "err": {},
              "uuid": "9167b8d0-a556-4ec5-adaf-c2aac1559d91",
              "parentUUID": "046fb677-64e6-4b00-afc3-7e764569c72f",
              "isHook": false,
              "skipped": false
            },
            {
              "title": "test - check inventory before and after pet is added",
              "fullTitle": "pets - pet store swagger api test - check inventory before and after pet is added",
              "timedOut": null,
              "duration": 395,
              "state": "passed",
              "speed": "fast",
              "pass": true,
              "fail": false,
              "pending": false,
              "context": null,
              "code": "cy.request({\n    method: \"GET\",\n    url: \"https://petstore.swagger.io/v2/store/inventory\",\n    headers: {\n        Authorisation: \"special-key\",\n    },\n}).then(function (response) {\n    expect(response.status).equal(200);\n    cy.log(JSON.stringify(response));\n    var petsAvailable = response.body.available;\n    cy.log(petsAvailable);\n    cy.request({\n        method: \"POST\",\n        url: \"https://petstore.swagger.io/v2/pet\",\n        headers: {\n            Authorisation: \"special-key\",\n        },\n        body: {\n            id: null,\n            category: {\n                id: 0,\n                name: \"dog\",\n            },\n            name: \"leksi\",\n            tags: [\n                {\n                    id: 1,\n                    name: \"dog\",\n                },\n            ],\n            status: \"available\",\n        },\n    }).then(function () {\n        cy.request({\n            method: \"GET\",\n            url: \"https://petstore.swagger.io/v2/store/inventory\",\n            headers: {\n                Authorisation: \"special-key\",\n            },\n        }).then(function (response) {\n            expect(response.status).equal(200);\n            var petsAvailable2 = response.body.available;\n            cy.log(petsAvailable2);\n            expect(petsAvailable2).to.equal(petsAvailable + 1);\n        });\n    });\n});",
              "err": {},
              "uuid": "c268cbe5-d70e-4b15-b2f8-7d7665f3e376",
              "parentUUID": "046fb677-64e6-4b00-afc3-7e764569c72f",
              "isHook": false,
              "skipped": false
            },
            {
              "title": "test - check pet status before and after pet is sold",
              "fullTitle": "pets - pet store swagger api test - check pet status before and after pet is sold",
              "timedOut": null,
              "duration": 389,
              "state": "passed",
              "speed": "fast",
              "pass": true,
              "fail": false,
              "pending": false,
              "context": null,
              "code": "//adding a dog \"Max\" to the store\ncy.request({\n    method: \"POST\",\n    url: \"https://petstore.swagger.io/v2/pet\",\n    headers: {\n        Authorisation: \"special-key\",\n    },\n    body: {\n        id: 1111,\n        category: {\n            id: 0,\n            name: \"dog\",\n        },\n        name: \"Max\",\n        photoUrls: [\"string\"],\n        tags: [\n            {\n                id: 0,\n                name: \"dog\",\n            },\n        ],\n        status: \"available\",\n    },\n}).then(function (response) {\n    // cheking dogs status\n    expect(response.body.status).to.equal(\"available\");\n    cy.log(JSON.stringify(response));\n    // selling the dog - changing dogs status\n    cy.request({\n        method: \"POST\",\n        url: \"https://petstore.swagger.io/v2/pet\",\n        headers: {\n            Authorisation: \"special-key\",\n        },\n        body: {\n            id: 1111,\n            category: {\n                id: 0,\n                name: \"dog\",\n            },\n            name: \"Max\",\n            tags: [\n                {\n                    id: 0,\n                    name: \"dog\",\n                },\n            ],\n            status: \"sold\",\n        },\n    }).then(function () {\n        // cheking dogs status\n        cy.request({\n            method: \"GET\",\n            url: \"https://petstore.swagger.io/v2/pet/1111\",\n            headers: {\n                Authorisation: \"special-key\",\n            },\n        }).then(function (response) {\n            expect(response.body.status).to.equal(\"sold\");\n        });\n    });\n});",
              "err": {},
              "uuid": "346de1cd-a3a4-4e54-aa2f-6a133ea7ed12",
              "parentUUID": "046fb677-64e6-4b00-afc3-7e764569c72f",
              "isHook": false,
              "skipped": false
            }
          ],
          "suites": [],
          "passes": [
            "04cc24f4-5383-42e8-8d95-286684f209a4",
            "d7b8aafb-da3c-402f-b656-3c548c240275",
            "5de8d893-7368-47d6-89da-b85b16516240",
            "9f164bd2-aec3-4b6f-9190-fdcd7112a41b",
            "eedb92b2-d780-481e-974a-3d08072c1e6c",
            "9167b8d0-a556-4ec5-adaf-c2aac1559d91",
            "c268cbe5-d70e-4b15-b2f8-7d7665f3e376",
            "346de1cd-a3a4-4e54-aa2f-6a133ea7ed12"
          ],
          "failures": [
            "8d16e562-682e-41c2-92be-e7d8fd35950b"
          ],
          "pending": [],
          "skipped": [],
          "duration": 4115,
          "root": false,
          "rootEmpty": false,
          "_timeout": 2000
        },
        {
          "uuid": "b1bd0de2-709c-4efc-99ab-bc3ba9c6a8a6",
          "title": "users - pet store swagger api",
          "fullFile": "",
          "file": "",
          "beforeHooks": [],
          "afterHooks": [],
          "tests": [
            {
              "title": "test - create user in the store, and verify user is created by finding user by username",
              "fullTitle": "users - pet store swagger api test - create user in the store, and verify user is created by finding user by username",
              "timedOut": null,
              "duration": 296,
              "state": "passed",
              "speed": "fast",
              "pass": true,
              "fail": false,
              "pending": false,
              "context": null,
              "code": "cy.request({\n    method: \"POST\",\n    url: \"https://petstore.swagger.io/v2/user\",\n    headers: {\n        Authorisation: \"special-key\",\n    },\n    body: {\n        id: 9,\n        username: \"jeca\",\n        firstName: \"jelena\",\n        lastName: \"tester\",\n        email: \"jelenat@example.com\",\n        password: \"pet\",\n        phone: \"0123456\",\n        userStatus: 2,\n    },\n}).then(function (response) {\n    expect(response.status).equal(200);\n    cy.request({\n        method: \"GET\",\n        url: \"https://petstore.swagger.io/v2/user/jeca\",\n        headers: {\n            Authorisation: \"special-key\",\n        },\n    }).then(function (response) {\n        expect(response.body.username).equal(\"jeca\");\n    });\n});",
              "err": {},
              "uuid": "d4fd7f83-44a1-4e51-a241-cd5d76f01003",
              "parentUUID": "b1bd0de2-709c-4efc-99ab-bc3ba9c6a8a6",
              "isHook": false,
              "skipped": false
            },
            {
              "title": "test - check if user can login with valid credentials",
              "fullTitle": "users - pet store swagger api test - check if user can login with valid credentials",
              "timedOut": null,
              "duration": 166,
              "state": "passed",
              "speed": "fast",
              "pass": true,
              "fail": false,
              "pending": false,
              "context": null,
              "code": "cy.request({\n    method: \"GET\",\n    url: \"https://petstore.swagger.io/v2/user/login?username=jeca&password=pet'\",\n    headers: {\n        Authorisation: \"special-key\",\n    },\n}).then(function (response) {\n    cy.log(response.body.message);\n    expect(response.status).equal(200);\n});",
              "err": {},
              "uuid": "2d789d6f-d564-4ff1-bd35-59fee1cf6396",
              "parentUUID": "b1bd0de2-709c-4efc-99ab-bc3ba9c6a8a6",
              "isHook": false,
              "skipped": false
            },
            {
              "title": "test - check if user can login with invalid credentials",
              "fullTitle": "users - pet store swagger api test - check if user can login with invalid credentials",
              "timedOut": null,
              "duration": 455,
              "state": "failed",
              "speed": null,
              "pass": false,
              "fail": true,
              "pending": false,
              "context": null,
              "code": "cy.request({\n    method: \"GET\",\n    url: \"https://petstore.swagger.io/v2/user/login?username=jeca&password=hmmmmm'\",\n    headers: {\n        Authorisation: \"special-key\",\n    },\n}).then(function (response) {\n    cy.log(response.body.message);\n    expect(response.status).equal(400);\n    expect(response.statusText).equal(\"Invalid username/password supplied\");\n});",
              "err": {
                "message": "AssertionError: expected 200 to equal 400",
                "estack": "AssertionError: expected 200 to equal 400\n    at Context.eval (webpack:///./cypress/e2e/TestPetStore.spec.cy.ts:311:30)",
                "diff": "- 200\n+ 400\n"
              },
              "uuid": "b0bad51b-1929-4542-8866-a35c3c1cde31",
              "parentUUID": "b1bd0de2-709c-4efc-99ab-bc3ba9c6a8a6",
              "isHook": false,
              "skipped": false
            }
          ],
          "suites": [],
          "passes": [
            "d4fd7f83-44a1-4e51-a241-cd5d76f01003",
            "2d789d6f-d564-4ff1-bd35-59fee1cf6396"
          ],
          "failures": [
            "b0bad51b-1929-4542-8866-a35c3c1cde31"
          ],
          "pending": [],
          "skipped": [],
          "duration": 917,
          "root": false,
          "rootEmpty": false,
          "_timeout": 2000
        }
      ],
      "passes": [],
      "failures": [],
      "pending": [],
      "skipped": [],
      "duration": 0,
      "root": true,
      "rootEmpty": true,
      "_timeout": 2000
    }
  ],
  "meta": {
    "mocha": {
      "version": "7.0.1"
    },
    "mochawesome": {
      "options": {
        "quiet": false,
        "reportFilename": "mochawesome",
        "saveHtml": false,
        "saveJson": true,
        "consoleReporter": "spec",
        "useInlineDiffs": false,
        "code": true
      },
      "version": "7.1.3"
    },
    "marge": {
      "options": {
        "id": "default",
        "reportDir": "cypress/results/mochawesome",
        "overwrite": false,
        "html": false,
        "json": true
      },
      "version": "6.2.0"
    }
  }
}