<?xml version="1.0" encoding="UTF-8"?>
<testsuites name="Mocha Tests" time="5.282" tests="12" failures="2">
  <testsuite name="Root Suite" timestamp="2022-11-25T13:17:51" tests="0" file="cypress\e2e\TestPetStore.spec.cy.ts" time="0.000" failures="0">
  </testsuite>
  <testsuite name="pets - pet store swagger api" timestamp="2022-11-25T13:17:51" tests="9" time="4.307" failures="1">
    <testcase name="pets - pet store swagger api get inventory" time="0.821" classname="get inventory">
    </testcase>
    <testcase name="pets - pet store swagger api post - add new pet to the store" time="0.181" classname="post - add new pet to the store">
    </testcase>
    <testcase name="pets - pet store swagger api put - update an existing pet in the store" time="0.169" classname="put - update an existing pet in the store">
    </testcase>
    <testcase name="pets - pet store swagger api get - finds pets by status" time="0.813" classname="get - finds pets by status">
    </testcase>
    <testcase name="pets - pet store swagger api get - finds pet by id" time="0.527" classname="get - finds pet by id">
    </testcase>
    <testcase name="pets - pet store swagger api post - updates a pet in the store with form data" time="0.000" classname="post - updates a pet in the store with form data">
      <failure message="`cy.request()` failed on:

https://petstore.swagger.io/v2/pet/111

The response we received from your web server was:

  &gt; 415: Unsupported Media Type

This was considered a failure because the status code was not `2xx` or `3xx`.

If you do not want status codes to cause failures pass the option: `failOnStatusCode: false`

-----------------------------------------------------------

The request we sent was:

Method: POST
URL: https://petstore.swagger.io/v2/pet/111
Headers: {
  &quot;Connection&quot;: &quot;keep-alive&quot;,
  &quot;Authorisation&quot;: &quot;special-key&quot;,
  &quot;user-agent&quot;: &quot;Mozilla/5.0 (Windows NT 10.0; Win64; x64) AppleWebKit/537.36 (KHTML, like Gecko) Cypress/11.1.0 Chrome/106.0.5249.51 Electron/21.0.0 Safari/537.36&quot;,
  &quot;accept&quot;: &quot;*/*&quot;,
  &quot;accept-encoding&quot;: &quot;gzip, deflate&quot;,
  &quot;content-type&quot;: &quot;application/json&quot;,
  &quot;content-length&quot;: 105
}
Body: {&quot;id&quot;:111,&quot;category&quot;:{&quot;id&quot;:0,&quot;name&quot;:&quot;dog&quot;},&quot;name&quot;:&quot;leksi&quot;,&quot;tags&quot;:[{&quot;id&quot;:0,&quot;name&quot;:&quot;dog&quot;}],&quot;status&quot;:&quot;sold&quot;}

-----------------------------------------------------------

The response we got was:

Status: 415 - Unsupported Media Type
Headers: {
  &quot;date&quot;: &quot;Fri, 25 Nov 2022 13:17:50 GMT&quot;,
  &quot;content-type&quot;: &quot;application/xml&quot;,
  &quot;content-length&quot;: &quot;102&quot;,
  &quot;connection&quot;: &quot;keep-alive&quot;,
  &quot;access-control-allow-origin&quot;: &quot;*&quot;,
  &quot;access-control-allow-methods&quot;: &quot;GET, POST, DELETE, PUT&quot;,
  &quot;access-control-allow-headers&quot;: &quot;Content-Type, api_key, Authorization&quot;,
  &quot;server&quot;: &quot;Jetty(9.2.9.v20150224)&quot;
}
Body: &lt;?xml version=&quot;1.0&quot; encoding=&quot;UTF-8&quot; standalone=&quot;yes&quot;?&gt;&lt;apiResponse&gt;&lt;type&gt;unknown&lt;/type&gt;&lt;/apiResponse&gt;


https://on.cypress.io/request" type="CypressError"><![CDATA[CypressError: `cy.request()` failed on:

https://petstore.swagger.io/v2/pet/111

The response we received from your web server was:

  > 415: Unsupported Media Type

This was considered a failure because the status code was not `2xx` or `3xx`.

If you do not want status codes to cause failures pass the option: `failOnStatusCode: false`

-----------------------------------------------------------

The request we sent was:

Method: POST
URL: https://petstore.swagger.io/v2/pet/111
Headers: {
  "Connection": "keep-alive",
  "Authorisation": "special-key",
  "user-agent": "Mozilla/5.0 (Windows NT 10.0; Win64; x64) AppleWebKit/537.36 (KHTML, like Gecko) Cypress/11.1.0 Chrome/106.0.5249.51 Electron/21.0.0 Safari/537.36",
  "accept": "*/*",
  "accept-encoding": "gzip, deflate",
  "content-type": "application/json",
  "content-length": 105
}
Body: {"id":111,"category":{"id":0,"name":"dog"},"name":"leksi","tags":[{"id":0,"name":"dog"}],"status":"sold"}

-----------------------------------------------------------

The response we got was:

Status: 415 - Unsupported Media Type
Headers: {
  "date": "Fri, 25 Nov 2022 13:17:50 GMT",
  "content-type": "application/xml",
  "content-length": "102",
  "connection": "keep-alive",
  "access-control-allow-origin": "*",
  "access-control-allow-methods": "GET, POST, DELETE, PUT",
  "access-control-allow-headers": "Content-Type, api_key, Authorization",
  "server": "Jetty(9.2.9.v20150224)"
}
Body: <?xml version="1.0" encoding="UTF-8" standalone="yes"?><apiResponse><type>unknown</type></apiResponse>


https://on.cypress.io/request
    at <unknown> (http://localhost:50588/__cypress/runner/cypress_runner.js:144236:80)
    at tryCatcher (http://localhost:50588/__cypress/runner/cypress_runner.js:11327:23)
    at Promise._settlePromiseFromHandler (http://localhost:50588/__cypress/runner/cypress_runner.js:9262:31)
    at Promise._settlePromise (http://localhost:50588/__cypress/runner/cypress_runner.js:9319:18)
    at Promise._settlePromise0 (http://localhost:50588/__cypress/runner/cypress_runner.js:9364:10)
    at Promise._settlePromises (http://localhost:50588/__cypress/runner/cypress_runner.js:9444:18)
    at _drainQueueStep (http://localhost:50588/__cypress/runner/cypress_runner.js:6034:12)
    at _drainQueue (http://localhost:50588/__cypress/runner/cypress_runner.js:6027:9)
    at ../../node_modules/bluebird/js/release/async.js.Async._drainQueues (http://localhost:50588/__cypress/runner/cypress_runner.js:6043:5)
    at Async.drainQueues (http://localhost:50588/__cypress/runner/cypress_runner.js:5913:14)
From Your Spec Code:
    at Context.eval (webpack:///./cypress/e2e/TestPetStore.spec.cy.ts:92:7)]]></failure>
    </testcase>
    <testcase name="pets - pet store swagger api delete - deletes a pet from the store" time="0.194" classname="delete - deletes a pet from the store">
    </testcase>
    <testcase name="pets - pet store swagger api test - check inventory before and after pet is added" time="0.395" classname="test - check inventory before and after pet is added">
    </testcase>
    <testcase name="pets - pet store swagger api test - check pet status before and after pet is sold" time="0.389" classname="test - check pet status before and after pet is sold">
    </testcase>
  </testsuite>
  <testsuite name="users - pet store swagger api" timestamp="2022-11-25T13:17:55" tests="3" time="0.949" failures="1">
    <testcase name="users - pet store swagger api test - create user in the store, and verify user is created by finding user by username" time="0.296" classname="test - create user in the store, and verify user is created by finding user by username">
    </testcase>
    <testcase name="users - pet store swagger api test - check if user can login with valid credentials" time="0.166" classname="test - check if user can login with valid credentials">
    </testcase>
    <testcase name="users - pet store swagger api test - check if user can login with invalid credentials" time="0.000" classname="test - check if user can login with invalid credentials">
      <failure message="expected 200 to equal 400" type="AssertionError"><![CDATA[AssertionError: expected 200 to equal 400
    at Context.eval (webpack:///./cypress/e2e/TestPetStore.spec.cy.ts:311:30)

      + expected - actual

      -200
      +400
      ]]></failure>
    </testcase>
  </testsuite>
</testsuites>