<?xml version="1.0" encoding="UTF-8"?>
<testsuites name="Mocha Tests" time="4.038" tests="8" failures="2">
  <testsuite name="Root Suite" timestamp="2022-11-24T10:24:31" tests="0" file="cypress\e2e\TestPetStore.spec.cy.ts" time="0.000" failures="0">
  </testsuite>
  <testsuite name="pet store swagger api" timestamp="2022-11-24T10:24:31" tests="8" time="4.014" failures="2">
    <testcase name="pet store swagger api get inventory" time="0.870" classname="get inventory">
    </testcase>
    <testcase name="pet store swagger api post - add new pet to the store" time="0.207" classname="post - add new pet to the store">
    </testcase>
    <testcase name="pet store swagger api post - add pet photo" time="0.000" classname="post - add pet photo">
      <failure message="`cy.request()` failed on:

https://petstore.swagger.io/v2/pet/111/uploadImage

The response we received from your web server was:

  &gt; 415: Unsupported Media Type

This was considered a failure because the status code was not `2xx` or `3xx`.

If you do not want status codes to cause failures pass the option: `failOnStatusCode: false`

-----------------------------------------------------------

The request we sent was:

Method: POST
URL: https://petstore.swagger.io/v2/pet/111/uploadImage
Headers: {
  &quot;Connection&quot;: &quot;keep-alive&quot;,
  &quot;Authorisation&quot;: &quot;special-key&quot;,
  &quot;user-agent&quot;: &quot;Mozilla/5.0 (Windows NT 10.0; Win64; x64) AppleWebKit/537.36 (KHTML, like Gecko) Cypress/11.1.0 Chrome/106.0.5249.51 Electron/21.0.0 Safari/537.36&quot;,
  &quot;accept&quot;: &quot;*/*&quot;,
  &quot;accept-encoding&quot;: &quot;gzip, deflate&quot;,
  &quot;content-type&quot;: &quot;application/json&quot;,
  &quot;content-length&quot;: 175
}
Body: {&quot;petID&quot;:&quot;111&quot;,&quot;additionalMetadata&quot;:&quot;doggie is so cute&quot;,&quot;file&quot;:&quot;C:UsersjpbouDesktopdoggie.png&quot;,&quot;content&quot;:&quot;pic&quot;,&quot;image/png&quot;:&quot;png&quot;,&quot;schema&quot;:&quot;&quot;,&quot;type&quot;:&quot;string&quot;,&quot;format&quot;:&quot;binary&quot;}

-----------------------------------------------------------

The response we got was:

Status: 415 - Unsupported Media Type
Headers: {
  &quot;date&quot;: &quot;Thu, 24 Nov 2022 10:24:30 GMT&quot;,
  &quot;content-type&quot;: &quot;application/xml&quot;,
  &quot;content-length&quot;: &quot;102&quot;,
  &quot;connection&quot;: &quot;keep-alive&quot;,
  &quot;access-control-allow-origin&quot;: &quot;*&quot;,
  &quot;access-control-allow-methods&quot;: &quot;GET, POST, DELETE, PUT&quot;,
  &quot;access-control-allow-headers&quot;: &quot;Content-Type, api_key, Authorization&quot;,
  &quot;server&quot;: &quot;Jetty(9.2.9.v20150224)&quot;
}
Body: &lt;?xml version=&quot;1.0&quot; encoding=&quot;UTF-8&quot; standalone=&quot;yes&quot;?&gt;&lt;apiResponse&gt;&lt;type&gt;unknown&lt;/type&gt;&lt;/apiResponse&gt;


https://on.cypress.io/request" type="CypressError"><![CDATA[CypressError: `cy.request()` failed on:

https://petstore.swagger.io/v2/pet/111/uploadImage

The response we received from your web server was:

  > 415: Unsupported Media Type

This was considered a failure because the status code was not `2xx` or `3xx`.

If you do not want status codes to cause failures pass the option: `failOnStatusCode: false`

-----------------------------------------------------------

The request we sent was:

Method: POST
URL: https://petstore.swagger.io/v2/pet/111/uploadImage
Headers: {
  "Connection": "keep-alive",
  "Authorisation": "special-key",
  "user-agent": "Mozilla/5.0 (Windows NT 10.0; Win64; x64) AppleWebKit/537.36 (KHTML, like Gecko) Cypress/11.1.0 Chrome/106.0.5249.51 Electron/21.0.0 Safari/537.36",
  "accept": "*/*",
  "accept-encoding": "gzip, deflate",
  "content-type": "application/json",
  "content-length": 175
}
Body: {"petID":"111","additionalMetadata":"doggie is so cute","file":"C:UsersjpbouDesktopdoggie.png","content":"pic","image/png":"png","schema":"","type":"string","format":"binary"}

-----------------------------------------------------------

The response we got was:

Status: 415 - Unsupported Media Type
Headers: {
  "date": "Thu, 24 Nov 2022 10:24:30 GMT",
  "content-type": "application/xml",
  "content-length": "102",
  "connection": "keep-alive",
  "access-control-allow-origin": "*",
  "access-control-allow-methods": "GET, POST, DELETE, PUT",
  "access-control-allow-headers": "Content-Type, api_key, Authorization",
  "server": "Jetty(9.2.9.v20150224)"
}
Body: <?xml version="1.0" encoding="UTF-8" standalone="yes"?><apiResponse><type>unknown</type></apiResponse>


https://on.cypress.io/request
    at <unknown> (http://localhost:55079/__cypress/runner/cypress_runner.js:144236:80)
    at tryCatcher (http://localhost:55079/__cypress/runner/cypress_runner.js:11327:23)
    at Promise._settlePromiseFromHandler (http://localhost:55079/__cypress/runner/cypress_runner.js:9262:31)
    at Promise._settlePromise (http://localhost:55079/__cypress/runner/cypress_runner.js:9319:18)
    at Promise._settlePromise0 (http://localhost:55079/__cypress/runner/cypress_runner.js:9364:10)
    at Promise._settlePromises (http://localhost:55079/__cypress/runner/cypress_runner.js:9444:18)
    at _drainQueueStep (http://localhost:55079/__cypress/runner/cypress_runner.js:6034:12)
    at _drainQueue (http://localhost:55079/__cypress/runner/cypress_runner.js:6027:9)
    at ../../node_modules/bluebird/js/release/async.js.Async._drainQueues (http://localhost:55079/__cypress/runner/cypress_runner.js:6043:5)
    at Async.drainQueues (http://localhost:55079/__cypress/runner/cypress_runner.js:5913:14)
From Your Spec Code:
    at Context.eval (webpack:///./cypress/e2e/TestPetStore.spec.cy.ts:45:7)]]></failure>
    </testcase>
    <testcase name="pet store swagger api put - update an existing pet in the store" time="0.162" classname="put - update an existing pet in the store">
    </testcase>
    <testcase name="pet store swagger api get - finds pets by status" time="0.765" classname="get - finds pets by status">
    </testcase>
    <testcase name="pet store swagger api get - finds pet by id" time="0.522" classname="get - finds pet by id">
    </testcase>
    <testcase name="pet store swagger api post - updates a pet in the store with form data" time="0.000" classname="post - updates a pet in the store with form data">
      <failure message="`cy.request()` failed on:

https://petstore.swagger.io/v2/pet/111

The response we received from your web server was:

  &gt; 415: Unsupported Media Type

This was considered a failure because the status code was not `2xx` or `3xx`.

If you do not want status codes to cause failures pass the option: `failOnStatusCode: false`

-----------------------------------------------------------

The request we sent was:

Method: POST
URL: https://petstore.swagger.io/v2/pet/111
Headers: {
  &quot;Connection&quot;: &quot;keep-alive&quot;,
  &quot;Authorisation&quot;: &quot;special-key&quot;,
  &quot;user-agent&quot;: &quot;Mozilla/5.0 (Windows NT 10.0; Win64; x64) AppleWebKit/537.36 (KHTML, like Gecko) Cypress/11.1.0 Chrome/106.0.5249.51 Electron/21.0.0 Safari/537.36&quot;,
  &quot;accept&quot;: &quot;*/*&quot;,
  &quot;accept-encoding&quot;: &quot;gzip, deflate&quot;,
  &quot;content-type&quot;: &quot;application/json&quot;,
  &quot;content-length&quot;: 107
}
Body: {&quot;id&quot;:111,&quot;category&quot;:{&quot;id&quot;:101,&quot;name&quot;:&quot;dog&quot;},&quot;name&quot;:&quot;leksi&quot;,&quot;tags&quot;:[{&quot;id&quot;:1,&quot;name&quot;:&quot;dog&quot;}],&quot;status&quot;:&quot;sold&quot;}

-----------------------------------------------------------

The response we got was:

Status: 415 - Unsupported Media Type
Headers: {
  &quot;date&quot;: &quot;Thu, 24 Nov 2022 10:24:33 GMT&quot;,
  &quot;content-type&quot;: &quot;application/xml&quot;,
  &quot;content-length&quot;: &quot;102&quot;,
  &quot;connection&quot;: &quot;keep-alive&quot;,
  &quot;access-control-allow-origin&quot;: &quot;*&quot;,
  &quot;access-control-allow-methods&quot;: &quot;GET, POST, DELETE, PUT&quot;,
  &quot;access-control-allow-headers&quot;: &quot;Content-Type, api_key, Authorization&quot;,
  &quot;server&quot;: &quot;Jetty(9.2.9.v20150224)&quot;
}
Body: &lt;?xml version=&quot;1.0&quot; encoding=&quot;UTF-8&quot; standalone=&quot;yes&quot;?&gt;&lt;apiResponse&gt;&lt;type&gt;unknown&lt;/type&gt;&lt;/apiResponse&gt;


https://on.cypress.io/request" type="CypressError"><![CDATA[CypressError: `cy.request()` failed on:

https://petstore.swagger.io/v2/pet/111

The response we received from your web server was:

  > 415: Unsupported Media Type

This was considered a failure because the status code was not `2xx` or `3xx`.

If you do not want status codes to cause failures pass the option: `failOnStatusCode: false`

-----------------------------------------------------------

The request we sent was:

Method: POST
URL: https://petstore.swagger.io/v2/pet/111
Headers: {
  "Connection": "keep-alive",
  "Authorisation": "special-key",
  "user-agent": "Mozilla/5.0 (Windows NT 10.0; Win64; x64) AppleWebKit/537.36 (KHTML, like Gecko) Cypress/11.1.0 Chrome/106.0.5249.51 Electron/21.0.0 Safari/537.36",
  "accept": "*/*",
  "accept-encoding": "gzip, deflate",
  "content-type": "application/json",
  "content-length": 107
}
Body: {"id":111,"category":{"id":101,"name":"dog"},"name":"leksi","tags":[{"id":1,"name":"dog"}],"status":"sold"}

-----------------------------------------------------------

The response we got was:

Status: 415 - Unsupported Media Type
Headers: {
  "date": "Thu, 24 Nov 2022 10:24:33 GMT",
  "content-type": "application/xml",
  "content-length": "102",
  "connection": "keep-alive",
  "access-control-allow-origin": "*",
  "access-control-allow-methods": "GET, POST, DELETE, PUT",
  "access-control-allow-headers": "Content-Type, api_key, Authorization",
  "server": "Jetty(9.2.9.v20150224)"
}
Body: <?xml version="1.0" encoding="UTF-8" standalone="yes"?><apiResponse><type>unknown</type></apiResponse>


https://on.cypress.io/request
    at <unknown> (http://localhost:55079/__cypress/runner/cypress_runner.js:144236:80)
    at tryCatcher (http://localhost:55079/__cypress/runner/cypress_runner.js:11327:23)
    at Promise._settlePromiseFromHandler (http://localhost:55079/__cypress/runner/cypress_runner.js:9262:31)
    at Promise._settlePromise (http://localhost:55079/__cypress/runner/cypress_runner.js:9319:18)
    at Promise._settlePromise0 (http://localhost:55079/__cypress/runner/cypress_runner.js:9364:10)
    at Promise._settlePromises (http://localhost:55079/__cypress/runner/cypress_runner.js:9444:18)
    at _drainQueueStep (http://localhost:55079/__cypress/runner/cypress_runner.js:6034:12)
    at _drainQueue (http://localhost:55079/__cypress/runner/cypress_runner.js:6027:9)
    at ../../node_modules/bluebird/js/release/async.js.Async._drainQueues (http://localhost:55079/__cypress/runner/cypress_runner.js:6043:5)
    at Async.drainQueues (http://localhost:55079/__cypress/runner/cypress_runner.js:5913:14)
From Your Spec Code:
    at Context.eval (webpack:///./cypress/e2e/TestPetStore.spec.cy.ts:120:7)]]></failure>
    </testcase>
    <testcase name="pet store swagger api delete - deletes a pet from the store" time="0.196" classname="delete - deletes a pet from the store">
    </testcase>
  </testsuite>
</testsuites>